<?xml version="1.0" encoding="UTF-8"?>
<testng-results skipped="0" failed="0" total="1" passed="1">
  <reporter-output>
  </reporter-output>
  <suite name="Default suite" duration-ms="11728" started-at="2022-01-09T15:08:21Z" finished-at="2022-01-09T15:08:33Z">
    <groups>
      <group name="cucumber">
        <method signature="AbstractTestNGCucumberTests.runScenario(io.cucumber.testng.PickleWrapper, io.cucumber.testng.FeatureWrapper)[pri:0, instance:runner.TestRunner@5383967b]" name="runScenario" class="io.cucumber.testng.AbstractTestNGCucumberTests"/>
      </group> <!-- cucumber -->
    </groups>
    <test name="Default test" duration-ms="11728" started-at="2022-01-09T15:08:21Z" finished-at="2022-01-09T15:08:33Z">
      <class name="runner.TestRunner">
        <test-method status="PASS" signature="setUpClass(org.testng.ITestContext)[pri:0, instance:runner.TestRunner@5383967b]" name="setUpClass" is-config="true" duration-ms="619" started-at="2022-01-09T23:08:21Z" finished-at="2022-01-09T23:08:22Z">
          <params>
            <param index="0">
              <value>
                <![CDATA[org.testng.TestRunner@1761de10]]>
              </value>
            </param>
          </params>
          <reporter-output>
          </reporter-output>
        </test-method> <!-- setUpClass -->
        <test-method status="PASS" signature="runScenario(io.cucumber.testng.PickleWrapper, io.cucumber.testng.FeatureWrapper)[pri:0, instance:runner.TestRunner@5383967b]" name="runScenario" duration-ms="11048" started-at="2022-01-09T23:08:22Z" description="Runs Cucumber Scenarios" data-provider="scenarios" finished-at="2022-01-09T23:08:33Z">
          <params>
            <param index="0">
              <value>
                <![CDATA["Verify the signin functionality"]]>
              </value>
            </param>
            <param index="1">
              <value>
                <![CDATA["Optional[SignIn Test]"]]>
              </value>
            </param>
          </params>
          <reporter-output>
          </reporter-output>
        </test-method> <!-- runScenario -->
        <test-method status="PASS" signature="tearDownClass()[pri:0, instance:runner.TestRunner@5383967b]" name="tearDownClass" is-config="true" duration-ms="21" started-at="2022-01-09T23:08:33Z" finished-at="2022-01-09T23:08:33Z">
          <reporter-output>
          </reporter-output>
        </test-method> <!-- tearDownClass -->
      </class> <!-- runner.TestRunner -->
    </test> <!-- Default test -->
  </suite> <!-- Default suite -->
</testng-results>
